Performing C SOURCE FILE Test CMAKE_HAVE_LIBC_PTHREAD failed with the following output:
Change Dir: /home/raqun/Documents/Proyecto_electrico/ackerman-f1tenth-competition/05_-_F1TENTH_ws/build/CMakeFiles/CMakeTmp

Run Build Command(s):/usr/bin/make cmTC_18ad9/fast && /usr/bin/make -f CMakeFiles/cmTC_18ad9.dir/build.make CMakeFiles/cmTC_18ad9.dir/build
make[1]: Entering directory '/home/raqun/Documents/Proyecto_electrico/ackerman-f1tenth-competition/05_-_F1TENTH_ws/build/CMakeFiles/CMakeTmp'
Building C object CMakeFiles/cmTC_18ad9.dir/src.c.o
/usr/bin/cc   -DCMAKE_HAVE_LIBC_PTHREAD   -o CMakeFiles/cmTC_18ad9.dir/src.c.o   -c /home/raqun/Documents/Proyecto_electrico/ackerman-f1tenth-competition/05_-_F1TENTH_ws/build/CMakeFiles/CMakeTmp/src.c
Linking C executable cmTC_18ad9
/usr/bin/cmake -E cmake_link_script CMakeFiles/cmTC_18ad9.dir/link.txt --verbose=1
/usr/bin/cc  -DCMAKE_HAVE_LIBC_PTHREAD    -rdynamic CMakeFiles/cmTC_18ad9.dir/src.c.o  -o cmTC_18ad9 
/usr/bin/ld: CMakeFiles/cmTC_18ad9.dir/src.c.o: in function `main':
src.c:(.text+0x46): undefined reference to `pthread_create'
/usr/bin/ld: src.c:(.text+0x52): undefined reference to `pthread_detach'
/usr/bin/ld: src.c:(.text+0x63): undefined reference to `pthread_join'
collect2: error: ld returned 1 exit status
make[1]: *** [CMakeFiles/cmTC_18ad9.dir/build.make:87: cmTC_18ad9] Error 1
make[1]: Leaving directory '/home/raqun/Documents/Proyecto_electrico/ackerman-f1tenth-competition/05_-_F1TENTH_ws/build/CMakeFiles/CMakeTmp'
make: *** [Makefile:121: cmTC_18ad9/fast] Error 2


Source file was:
#include <pthread.h>

void* test_func(void* data)
{
  return data;
}

int main(void)
{
  pthread_t thread;
  pthread_create(&thread, NULL, test_func, NULL);
  pthread_detach(thread);
  pthread_join(thread, NULL);
  pthread_atfork(NULL, NULL, NULL);
  pthread_exit(NULL);

  return 0;
}

Determining if the function pthread_create exists in the pthreads failed with the following output:
Change Dir: /home/raqun/Documents/Proyecto_electrico/ackerman-f1tenth-competition/05_-_F1TENTH_ws/build/CMakeFiles/CMakeTmp

Run Build Command(s):/usr/bin/make cmTC_f6512/fast && /usr/bin/make -f CMakeFiles/cmTC_f6512.dir/build.make CMakeFiles/cmTC_f6512.dir/build
make[1]: Entering directory '/home/raqun/Documents/Proyecto_electrico/ackerman-f1tenth-competition/05_-_F1TENTH_ws/build/CMakeFiles/CMakeTmp'
Building C object CMakeFiles/cmTC_f6512.dir/CheckFunctionExists.c.o
/usr/bin/cc   -DCHECK_FUNCTION_EXISTS=pthread_create   -o CMakeFiles/cmTC_f6512.dir/CheckFunctionExists.c.o   -c /usr/share/cmake-3.16/Modules/CheckFunctionExists.c
Linking C executable cmTC_f6512
/usr/bin/cmake -E cmake_link_script CMakeFiles/cmTC_f6512.dir/link.txt --verbose=1
/usr/bin/cc  -DCHECK_FUNCTION_EXISTS=pthread_create    -rdynamic CMakeFiles/cmTC_f6512.dir/CheckFunctionExists.c.o  -o cmTC_f6512  -lpthreads 
/usr/bin/ld: cannot find -lpthreads
collect2: error: ld returned 1 exit status
make[1]: *** [CMakeFiles/cmTC_f6512.dir/build.make:87: cmTC_f6512] Error 1
make[1]: Leaving directory '/home/raqun/Documents/Proyecto_electrico/ackerman-f1tenth-competition/05_-_F1TENTH_ws/build/CMakeFiles/CMakeTmp'
make: *** [Makefile:121: cmTC_f6512/fast] Error 2



Determining if the include file pgm.h exists failed with the following output:
Change Dir: /home/raqun/Documents/Proyecto_electrico/ackerman-f1tenth-competition/05_-_F1TENTH_ws/build/CMakeFiles/CMakeTmp

Run Build Command(s):/usr/bin/make cmTC_8a08a/fast && make[1]: Entering directory '/home/raqun/Documents/Proyecto_electrico/ackerman-f1tenth-competition/05_-_F1TENTH_ws/build/CMakeFiles/CMakeTmp'
/usr/bin/make -f CMakeFiles/cmTC_8a08a.dir/build.make CMakeFiles/cmTC_8a08a.dir/build
make[2]: Entering directory '/home/raqun/Documents/Proyecto_electrico/ackerman-f1tenth-competition/05_-_F1TENTH_ws/build/CMakeFiles/CMakeTmp'
Building CXX object CMakeFiles/cmTC_8a08a.dir/CheckIncludeFile.cxx.o
/usr/bin/c++     -o CMakeFiles/cmTC_8a08a.dir/CheckIncludeFile.cxx.o -c /home/raqun/Documents/Proyecto_electrico/ackerman-f1tenth-competition/05_-_F1TENTH_ws/build/CMakeFiles/CMakeTmp/CheckIncludeFile.cxx
/home/raqun/Documents/Proyecto_electrico/ackerman-f1tenth-competition/05_-_F1TENTH_ws/build/CMakeFiles/CMakeTmp/CheckIncludeFile.cxx:1:10: fatal error: pgm.h: No such file or directory
    1 | #include <pgm.h>
      |          ^~~~~~~
compilation terminated.
make[2]: *** [CMakeFiles/cmTC_8a08a.dir/build.make:66: CMakeFiles/cmTC_8a08a.dir/CheckIncludeFile.cxx.o] Error 1
make[2]: Leaving directory '/home/raqun/Documents/Proyecto_electrico/ackerman-f1tenth-competition/05_-_F1TENTH_ws/build/CMakeFiles/CMakeTmp'
make[1]: *** [Makefile:121: cmTC_8a08a/fast] Error 2
make[1]: Leaving directory '/home/raqun/Documents/Proyecto_electrico/ackerman-f1tenth-competition/05_-_F1TENTH_ws/build/CMakeFiles/CMakeTmp'



